CdpElementHandle {
  handle: CdpJSHandle {},
  [Symbol(_isElementHandle)]: true
}
"https://www.depop.com/products/jooun-red-tabis-flats-size/",
"https://www.depop.com/products/terry_ellen-steve-madden-red-patent-ballet/",
"https://www.depop.com/products/cindy96-steve-madden-red-ballet-flats/",
"https://www.depop.com/products/dollarsandcentsvintage-enzos-of-roma-vintage-80s/",
"https://www.depop.com/products/wesleygloo-steve-madden-ballet-flats-steve/",
"https://www.depop.com/products/marcabelle-size-8-red-flats-only/",
"https://www.depop.com/products/flossiegirl88-womens-clarks-ballet-shoes-suedepatent/",
"https://www.depop.com/products/1234sunshine-red-polka-dot-flats-for/",
"https://www.depop.com/products/sleepy4evr_-repop-i-wore-these/",
"https://www.depop.com/products/shop_delphine-classic-round-toe-ballerinas-in/",
"https://www.depop.com/products/wesleygloo-steve-madden-ballet-flats-red/",
"https://www.depop.com/products/urbnkits-vintage-y2k-diesel-valencia-ballet/",
"https://www.depop.com/products/chloessillylittlecloset-cute-red-ballet-flats-womens/",
"https://www.depop.com/products/kinxkykittxn-seeking-these-puma-flats-in/",
"https://www.depop.com/products/annameina-stretchy-fabric-red-pointed-flats/",
"https://www.depop.com/products/vintage25clothing-red-vintage-leather-ballet-flats/",
"https://www.depop.com/products/kacieskloset-suede-red-leather-ballet-flats/",
"https://www.depop.com/products/jaebirdchirps-red-mary-janes-ballet-flats/",
"https://www.depop.com/products/alilbitofeverything-red-ballerina-bow-flats-used/",
"https://www.depop.com/products/revolving_closet_-2010s-red-sayin-ballet-flats/",
"https://www.depop.com/products/cocomelonthrift-red-ballet-flats-white-spot/",
"https://www.depop.com/products/limowwut-vintage-maroon-pump-style-ballet-7a5b/",
"https://www.depop.com/products/aubabi-beautiful-deep-red-rounded-toe/",
"https://www.depop.com/products/amynwbrgh-13-ounce-agl-attilio-giusti/",
"https://www.depop.com/products/gracedaddio-red-ballet-flats-shein-size/",
"https://www.depop.com/products/closetukiyo-rothys-red-flats/",
"https://www.depop.com/products/annettemendez-brand-new-steve-madden-red/",
"https://www.depop.com/products/blackoliveboutique-eighties-vintage-lightning-flats-totally-e7fc/",
"https://www.depop.com/products/moonbaby69-salvatore-ferragamo-red-ballet-flat/",
"https://www.depop.com/products/lujacio-red-flats-with-velcro-strap/",
"https://www.depop.com/products/colorliberation-caron-callahan-red-suede-ellie/",
"https://www.depop.com/products/watersa3-brand-nine-west-item-red/",
"https://www.depop.com/products/ericamariev-marc-by-marc-jacobs-ballet/",
"https://www.depop.com/products/elinbubbles-cute-fuzzy-ballet-flats-never/",
"https://www.depop.com/products/clauren23-pointy-red-ballet-flats-with/",
"https://www.depop.com/products/honeybham-really-cool-red-and-black/",
"https://www.depop.com/products/ayyyokiddo-so-memory-foam-flats-color/",
"https://www.depop.com/products/turtleneckluver-rare-vintage-metallic-red-strappy/",
"https://www.depop.com/products/kaitlindreasky-red-flats-from-target-never/",
"https://www.depop.com/products/allypp-rothys-the-square-mary-jane-4fc4/",
"https://www.depop.com/products/maryeczech-katyperry-collection-1950s-car-shoes/",
"https://www.depop.com/products/yourdadjenna-y2k-ed-hardy-ballet-flats/",
"https://www.depop.com/products/alexcrittenden-vintage-ballet-flats-perfect-statement/",
"https://www.depop.com/products/tinyosojr-ann-klein-sport-akazi-cherry/",
"https://www.depop.com/products/creamplease-nine-west-pointed-ted-flat/",
"https://www.depop.com/products/kloth3s-vintage-dkny-velvet-flats-in/",
"https://www.depop.com/products/agardeninthecity-shop-peche-red-judi-mary/",
"https://www.depop.com/products/jelly_juice65-red-plaid-champion-flats-red/",
"https://www.depop.com/products/justreadtheinstructions-balet-flats-with-bow-accent/",
"https://www.depop.com/products/cafelattecat-red-flats-from-me-too/",
"https://www.depop.com/products/lizz_bonita-beautiful-red-repettos-with-leather/",
"https://www.depop.com/products/yessigpop-jynx-flats-red-size-7/",
"https://www.depop.com/products/selene_crivera-sam-edelman-womens-felicia-red/",
"https://www.depop.com/products/charshopz19-brash-womens-red-flat-with/",
"https://www.depop.com/products/sosquish-red-flats-square-toed/",
"https://www.depop.com/products/ccccchloeeeee-red-dolcegabanna-patent-leather-flats/",
"https://www.depop.com/products/midlifeflipper-new-balance-stability-s-1-red/",
"https://www.depop.com/products/carlporky-shop-peche-rhea-heeled-flats/",
"https://www.depop.com/products/kenny_mungcal-tory-burch-flats-size-6-8e84/",
"https://www.depop.com/products/shopmycloset365-earthies-by-earth-wine-suede/",
"https://www.depop.com/products/biaria1-repetto-camille-flaming-red-ballet/",
"https://www.depop.com/products/beestohoneyclothing-diesel-cutout-ballet-style-flats-brand/",
"https://www.depop.com/products/mik_nikole-red-ballet-flats/",
"https://www.depop.com/products/stampshop-precious-red-lace-up/",
"https://www.depop.com/products/90svintageluvr-the-most-amazing-vintage-red/",
"https://www.depop.com/products/sbarro_resin-size-65-clelaura-cloud-9/",
"https://www.depop.com/products/ausivia-shoe-dazzle-shoes-womens-4255/",
"https://www.depop.com/products/bellaisaacson-repetto-camille-ballerina-flats-in/",
"https://www.depop.com/products/lucyluluxe-born-rozalee-ballet-flat-women/",
"https://www.depop.com/products/jaden_leeann20-y2k-red-corduroy-ballet-flats/",
"https://www.depop.com/products/chloenguyn-red-ballet-flats-with/",
"https://www.depop.com/products/afterglow_-archive-puma-ballerina-bubble-flats/",
"https://www.depop.com/products/vixen01-born-glossy-flats-pointed-toe/",
"https://www.depop.com/products/hothousemarket-red-suede-ballet-flats-red/",
"https://www.depop.com/products/pinkflamingomkt-sabrinas-london-burgundy-suede-leather/",
"https://www.depop.com/products/_hellokitty3-red-and-black-suede-and/",
"https://www.depop.com/products/bitsandthingsgalore-red-patent-chanel-ballet-flats/",
"https://www.depop.com/products/jasperanddustpan-if-you-like-this-item-63e6/",
"https://www.depop.com/products/woodlandmeadow-orange-red-leather-and-woven/",
"https://www.depop.com/products/angielils-repetto-camille-ballerina-flats-in/",
"https://www.depop.com/products/thevoodoobombshell-hot-chocolate-chocalitas-brand-freak/",
"https://www.depop.com/products/mc568-balletflats-lilyrosedepp-repop-very-cute/",
"https://www.depop.com/products/wtftacos-like-new-ganni-red-ballet-flats/",
"https://www.depop.com/products/sicam-vintage-valentino-ballet-flats-vintage/",
"https://www.depop.com/products/tlcaffordablefashion-journee-collection-kim-flat-new/",
"https://www.depop.com/products/moda4546-aquatalia-by-marvin-k-patent/",
"https://www.depop.com/products/jennhexe-strange-cvlt-dead-pointed-toe/",
"https://www.depop.com/products/misskatiecav-josef-seibel-womens-fenja-01/",
"https://www.depop.com/products/skylypop-sam-edelman-felicia-leather-ballet/",
"https://www.depop.com/products/ettiketta-vtg-flats-from-the-late/",
"https://www.depop.com/products/joansmith2323-mary-jane-flat-shoes-wore/",
"https://www.depop.com/products/sunflowerfarmresale-michael-kors-ballet-flats/",
"https://www.depop.com/products/oceandonut-lovely-vintage-red-velvet-bow/",
"https://www.depop.com/products/rugmoth-adidas-tech-ballet-flats-with/",
"https://www.depop.com/products/meganc1438-vintage-cherry-red-ballet-flats/",
"https://www.depop.com/products/joliesanders-black-plaid-ballet-flats-franco/",
"https://www.depop.com/products/reclaimed_rags-korks-kork-ease-julie-ballet-flats/",
"https://www.depop.com/products/trtrades-rocket-dog-union-jack-flag/",
"https://www.depop.com/products/blondie_213-nwt-red-slip-on-flats/",
"https://www.depop.com/products/kingmaseray-vintage-red-carolina-bay-net/",
"https://www.depop.com/products/thriftedtrends-ny-c-new-york-7685/",
"https://www.depop.com/products/lanijoon_23-cute-n-classy-chloe/",
"https://www.depop.com/products/moonrockers-red-pointed-toe-ballet-flats/",
"https://www.depop.com/products/the_sequin_turtleneck-jeffrey-campbell-amit-mary-jane/",
"https://www.depop.com/products/kingmaseray-red-ballet-flat-has-a-6295/",
"https://www.depop.com/products/nickisea-chinese-laundry-low-wedge-suede/",
"https://www.depop.com/products/shoecabinet-welcome-to-shoecabinet-please-visit-74cd/",
"https://www.depop.com/products/jadetureen-clarks-artisan-red-ballet-flats/",
"https://www.depop.com/products/dogtier-red-faux-suede-ballet-flats-16d2/",
"https://www.depop.com/products/with__lana-red-ballet-flats-soft-malleablle/",
"https://www.depop.com/products/wildandalmostfree-attilio-giusti-leombruni-peep-toe-be80/",
"https://www.depop.com/products/clothesqueen999-connie-colorblock-ballet-flats-blue-5dc1/",
"https://www.depop.com/products/_yareisha-fratelli-rossetti-rare-ballet-flats/",
"https://www.depop.com/products/jmgaff18-jeffrey-campbell-womens-85-vionnet-0284/",
"https://www.depop.com/products/joaac-glittery-red-bow-flats-from/",
"https://www.depop.com/products/cheekykicks-ahnu-womens-karma-latitude-mary/",
"https://www.depop.com/products/terriblytara-adorable-embroidered-bright-red-ballet/",
"https://www.depop.com/products/passionflour-valentino-rockstud-red-leather-flats/",
"https://www.depop.com/products/coolandfunnydog-red-suede-mules-from-banana/",
"https://www.depop.com/products/uoenoemi-suede-maroon-flats-size-6/",
